INFO:     Started server process [13925]
INFO:     Waiting for application startup.
INFO:     Application startup complete.
INFO:     Uvicorn running on http://0.0.0.0:8080 (Press CTRL+C to quit)
INFO:     192.168.1.228:60730 - "OPTIONS /chat HTTP/1.1" 200 OK
INFO:     192.168.1.228:60730 - "POST /chat HTTP/1.1" 200 OK
INFO:     192.168.1.228:60746 - "POST /chat HTTP/1.1" 200 OK
INFO:     192.168.1.228:41486 - "POST /chat HTTP/1.1" 200 OK
INFO:     192.168.1.228:50302 - "POST /chat HTTP/1.1" 200 OK
INFO:     192.168.1.228:57282 - "POST /chat HTTP/1.1" 200 OK
INFO:     192.168.1.228:50808 - "POST /chat HTTP/1.1" 200 OK
INFO:     192.168.1.228:44854 - "OPTIONS /chat HTTP/1.1" 200 OK
INFO:     192.168.1.228:44854 - "POST /chat HTTP/1.1" 200 OK
INFO:     192.168.1.228:39948 - "POST /chat HTTP/1.1" 200 OK
INFO:     192.168.1.228:51810 - "POST /chat HTTP/1.1" 200 OK
INFO:     192.168.1.228:41378 - "POST /chat HTTP/1.1" 200 OK
INFO:     192.168.1.228:39824 - "OPTIONS /chat HTTP/1.1" 200 OK
INFO:     192.168.1.228:39824 - "POST /chat HTTP/1.1" 200 OK
INFO:     192.168.1.228:37144 - "OPTIONS /chat HTTP/1.1" 200 OK
INFO:     192.168.1.228:37144 - "POST /chat HTTP/1.1" 200 OK
ERROR:    Exception in ASGI application
Traceback (most recent call last):
  File "/home/Taremwastudios/TaremwaStudios/gemi-engine-app/venv/lib/python3.11/site-packages/httpx/_transports/default.py", line 101, in map_httpcore_exceptions
    yield
  File "/home/Taremwastudios/TaremwaStudios/gemi-engine-app/venv/lib/python3.11/site-packages/httpx/_transports/default.py", line 394, in handle_async_request
    resp = await self._pool.handle_async_request(req)
           ^^^^^^^^^^^^^^^^^^^^^^^^^^^^^^^^^^^^^^^^^^
  File "/home/Taremwastudios/TaremwaStudios/gemi-engine-app/venv/lib/python3.11/site-packages/httpcore/_async/connection_pool.py", line 256, in handle_async_request
    raise exc from None
  File "/home/Taremwastudios/TaremwaStudios/gemi-engine-app/venv/lib/python3.11/site-packages/httpcore/_async/connection_pool.py", line 236, in handle_async_request
    response = await connection.handle_async_request(
               ^^^^^^^^^^^^^^^^^^^^^^^^^^^^^^^^^^^^^^
  File "/home/Taremwastudios/TaremwaStudios/gemi-engine-app/venv/lib/python3.11/site-packages/httpcore/_async/connection.py", line 101, in handle_async_request
    raise exc
  File "/home/Taremwastudios/TaremwaStudios/gemi-engine-app/venv/lib/python3.11/site-packages/httpcore/_async/connection.py", line 78, in handle_async_request
    stream = await self._connect(request)
             ^^^^^^^^^^^^^^^^^^^^^^^^^^^^
  File "/home/Taremwastudios/TaremwaStudios/gemi-engine-app/venv/lib/python3.11/site-packages/httpcore/_async/connection.py", line 124, in _connect
    stream = await self._network_backend.connect_tcp(**kwargs)
             ^^^^^^^^^^^^^^^^^^^^^^^^^^^^^^^^^^^^^^^^^^^^^^^^^
  File "/home/Taremwastudios/TaremwaStudios/gemi-engine-app/venv/lib/python3.11/site-packages/httpcore/_backends/auto.py", line 31, in connect_tcp
    return await self._backend.connect_tcp(
           ^^^^^^^^^^^^^^^^^^^^^^^^^^^^^^^^
  File "/home/Taremwastudios/TaremwaStudios/gemi-engine-app/venv/lib/python3.11/site-packages/httpcore/_backends/anyio.py", line 113, in connect_tcp
    with map_exceptions(exc_map):
  File "/usr/lib/python3.11/contextlib.py", line 155, in __exit__
    self.gen.throw(typ, value, traceback)
  File "/home/Taremwastudios/TaremwaStudios/gemi-engine-app/venv/lib/python3.11/site-packages/httpcore/_exceptions.py", line 14, in map_exceptions
    raise to_exc(exc) from exc
httpcore.ConnectError: [Errno -3] Temporary failure in name resolution

The above exception was the direct cause of the following exception:

Traceback (most recent call last):
  File "/home/Taremwastudios/TaremwaStudios/gemi-engine-app/venv/lib/python3.11/site-packages/uvicorn/protocols/http/h11_impl.py", line 410, in run_asgi
    result = await app(  # type: ignore[func-returns-value]
             ^^^^^^^^^^^^^^^^^^^^^^^^^^^^^^^^^^^^^^^^^^^^^^
  File "/home/Taremwastudios/TaremwaStudios/gemi-engine-app/venv/lib/python3.11/site-packages/uvicorn/middleware/proxy_headers.py", line 60, in __call__
    return await self.app(scope, receive, send)
           ^^^^^^^^^^^^^^^^^^^^^^^^^^^^^^^^^^^^
  File "/home/Taremwastudios/TaremwaStudios/gemi-engine-app/venv/lib/python3.11/site-packages/fastapi/applications.py", line 1135, in __call__
    await super().__call__(scope, receive, send)
  File "/home/Taremwastudios/TaremwaStudios/gemi-engine-app/venv/lib/python3.11/site-packages/starlette/applications.py", line 107, in __call__
    await self.middleware_stack(scope, receive, send)
  File "/home/Taremwastudios/TaremwaStudios/gemi-engine-app/venv/lib/python3.11/site-packages/starlette/middleware/errors.py", line 186, in __call__
    raise exc
  File "/home/Taremwastudios/TaremwaStudios/gemi-engine-app/venv/lib/python3.11/site-packages/starlette/middleware/errors.py", line 164, in __call__
    await self.app(scope, receive, _send)
  File "/home/Taremwastudios/TaremwaStudios/gemi-engine-app/venv/lib/python3.11/site-packages/starlette/middleware/cors.py", line 93, in __call__
    await self.simple_response(scope, receive, send, request_headers=headers)
  File "/home/Taremwastudios/TaremwaStudios/gemi-engine-app/venv/lib/python3.11/site-packages/starlette/middleware/cors.py", line 144, in simple_response
    await self.app(scope, receive, send)
  File "/home/Taremwastudios/TaremwaStudios/gemi-engine-app/venv/lib/python3.11/site-packages/starlette/middleware/exceptions.py", line 63, in __call__
    await wrap_app_handling_exceptions(self.app, conn)(scope, receive, send)
  File "/home/Taremwastudios/TaremwaStudios/gemi-engine-app/venv/lib/python3.11/site-packages/starlette/_exception_handler.py", line 53, in wrapped_app
    raise exc
  File "/home/Taremwastudios/TaremwaStudios/gemi-engine-app/venv/lib/python3.11/site-packages/starlette/_exception_handler.py", line 42, in wrapped_app
    await app(scope, receive, sender)
  File "/home/Taremwastudios/TaremwaStudios/gemi-engine-app/venv/lib/python3.11/site-packages/fastapi/middleware/asyncexitstack.py", line 18, in __call__
    await self.app(scope, receive, send)
  File "/home/Taremwastudios/TaremwaStudios/gemi-engine-app/venv/lib/python3.11/site-packages/starlette/routing.py", line 716, in __call__
    await self.middleware_stack(scope, receive, send)
  File "/home/Taremwastudios/TaremwaStudios/gemi-engine-app/venv/lib/python3.11/site-packages/starlette/routing.py", line 736, in app
    await route.handle(scope, receive, send)
  File "/home/Taremwastudios/TaremwaStudios/gemi-engine-app/venv/lib/python3.11/site-packages/starlette/routing.py", line 290, in handle
    await self.app(scope, receive, send)
  File "/home/Taremwastudios/TaremwaStudios/gemi-engine-app/venv/lib/python3.11/site-packages/fastapi/routing.py", line 115, in app
    await wrap_app_handling_exceptions(app, request)(scope, receive, send)
  File "/home/Taremwastudios/TaremwaStudios/gemi-engine-app/venv/lib/python3.11/site-packages/starlette/_exception_handler.py", line 53, in wrapped_app
    raise exc
  File "/home/Taremwastudios/TaremwaStudios/gemi-engine-app/venv/lib/python3.11/site-packages/starlette/_exception_handler.py", line 42, in wrapped_app
    await app(scope, receive, sender)
  File "/home/Taremwastudios/TaremwaStudios/gemi-engine-app/venv/lib/python3.11/site-packages/fastapi/routing.py", line 102, in app
    await response(scope, receive, send)
  File "/home/Taremwastudios/TaremwaStudios/gemi-engine-app/venv/lib/python3.11/site-packages/starlette/responses.py", line 269, in __call__
    with collapse_excgroups():
  File "/usr/lib/python3.11/contextlib.py", line 155, in __exit__
    self.gen.throw(typ, value, traceback)
  File "/home/Taremwastudios/TaremwaStudios/gemi-engine-app/venv/lib/python3.11/site-packages/starlette/_utils.py", line 85, in collapse_excgroups
    raise exc
  File "/home/Taremwastudios/TaremwaStudios/gemi-engine-app/venv/lib/python3.11/site-packages/starlette/responses.py", line 273, in wrap
    await func()
  File "/home/Taremwastudios/TaremwaStudios/gemi-engine-app/venv/lib/python3.11/site-packages/starlette/responses.py", line 253, in stream_response
    async for chunk in self.body_iterator:
  File "/home/Taremwastudios/TaremwaStudios/gemi-engine-app/models/base_model.py", line 40, in sendMessageStream
    async with client.stream("POST", self.api_url, json=payload, headers={"Authorization": f"Bearer {self.api_key}"}) as response:
  File "/usr/lib/python3.11/contextlib.py", line 204, in __aenter__
    return await anext(self.gen)
           ^^^^^^^^^^^^^^^^^^^^^
  File "/home/Taremwastudios/TaremwaStudios/gemi-engine-app/venv/lib/python3.11/site-packages/httpx/_client.py", line 1583, in stream
    response = await self.send(
               ^^^^^^^^^^^^^^^^
  File "/home/Taremwastudios/TaremwaStudios/gemi-engine-app/venv/lib/python3.11/site-packages/httpx/_client.py", line 1629, in send
    response = await self._send_handling_auth(
               ^^^^^^^^^^^^^^^^^^^^^^^^^^^^^^^
  File "/home/Taremwastudios/TaremwaStudios/gemi-engine-app/venv/lib/python3.11/site-packages/httpx/_client.py", line 1657, in _send_handling_auth
    response = await self._send_handling_redirects(
               ^^^^^^^^^^^^^^^^^^^^^^^^^^^^^^^^^^^^
  File "/home/Taremwastudios/TaremwaStudios/gemi-engine-app/venv/lib/python3.11/site-packages/httpx/_client.py", line 1694, in _send_handling_redirects
    response = await self._send_single_request(request)
               ^^^^^^^^^^^^^^^^^^^^^^^^^^^^^^^^^^^^^^^^
  File "/home/Taremwastudios/TaremwaStudios/gemi-engine-app/venv/lib/python3.11/site-packages/httpx/_client.py", line 1730, in _send_single_request
    response = await transport.handle_async_request(request)
               ^^^^^^^^^^^^^^^^^^^^^^^^^^^^^^^^^^^^^^^^^^^^^
  File "/home/Taremwastudios/TaremwaStudios/gemi-engine-app/venv/lib/python3.11/site-packages/httpx/_transports/default.py", line 393, in handle_async_request
    with map_httpcore_exceptions():
  File "/usr/lib/python3.11/contextlib.py", line 155, in __exit__
    self.gen.throw(typ, value, traceback)
  File "/home/Taremwastudios/TaremwaStudios/gemi-engine-app/venv/lib/python3.11/site-packages/httpx/_transports/default.py", line 118, in map_httpcore_exceptions
    raise mapped_exc(message) from exc
httpx.ConnectError: [Errno -3] Temporary failure in name resolution
INFO:     192.168.1.228:46776 - "POST /chat HTTP/1.1" 200 OK
ERROR:    Exception in ASGI application
Traceback (most recent call last):
  File "/home/Taremwastudios/TaremwaStudios/gemi-engine-app/venv/lib/python3.11/site-packages/httpx/_transports/default.py", line 101, in map_httpcore_exceptions
    yield
  File "/home/Taremwastudios/TaremwaStudios/gemi-engine-app/venv/lib/python3.11/site-packages/httpx/_transports/default.py", line 394, in handle_async_request
    resp = await self._pool.handle_async_request(req)
           ^^^^^^^^^^^^^^^^^^^^^^^^^^^^^^^^^^^^^^^^^^
  File "/home/Taremwastudios/TaremwaStudios/gemi-engine-app/venv/lib/python3.11/site-packages/httpcore/_async/connection_pool.py", line 256, in handle_async_request
    raise exc from None
  File "/home/Taremwastudios/TaremwaStudios/gemi-engine-app/venv/lib/python3.11/site-packages/httpcore/_async/connection_pool.py", line 236, in handle_async_request
    response = await connection.handle_async_request(
               ^^^^^^^^^^^^^^^^^^^^^^^^^^^^^^^^^^^^^^
  File "/home/Taremwastudios/TaremwaStudios/gemi-engine-app/venv/lib/python3.11/site-packages/httpcore/_async/connection.py", line 103, in handle_async_request
    return await self._connection.handle_async_request(request)
           ^^^^^^^^^^^^^^^^^^^^^^^^^^^^^^^^^^^^^^^^^^^^^^^^^^^^
  File "/home/Taremwastudios/TaremwaStudios/gemi-engine-app/venv/lib/python3.11/site-packages/httpcore/_async/http11.py", line 136, in handle_async_request
    raise exc
  File "/home/Taremwastudios/TaremwaStudios/gemi-engine-app/venv/lib/python3.11/site-packages/httpcore/_async/http11.py", line 106, in handle_async_request
    ) = await self._receive_response_headers(**kwargs)
        ^^^^^^^^^^^^^^^^^^^^^^^^^^^^^^^^^^^^^^^^^^^^^^
  File "/home/Taremwastudios/TaremwaStudios/gemi-engine-app/venv/lib/python3.11/site-packages/httpcore/_async/http11.py", line 177, in _receive_response_headers
    event = await self._receive_event(timeout=timeout)
            ^^^^^^^^^^^^^^^^^^^^^^^^^^^^^^^^^^^^^^^^^^
  File "/home/Taremwastudios/TaremwaStudios/gemi-engine-app/venv/lib/python3.11/site-packages/httpcore/_async/http11.py", line 231, in _receive_event
    raise RemoteProtocolError(msg)
httpcore.RemoteProtocolError: Server disconnected without sending a response.

The above exception was the direct cause of the following exception:

Traceback (most recent call last):
  File "/home/Taremwastudios/TaremwaStudios/gemi-engine-app/venv/lib/python3.11/site-packages/uvicorn/protocols/http/h11_impl.py", line 410, in run_asgi
    result = await app(  # type: ignore[func-returns-value]
             ^^^^^^^^^^^^^^^^^^^^^^^^^^^^^^^^^^^^^^^^^^^^^^
  File "/home/Taremwastudios/TaremwaStudios/gemi-engine-app/venv/lib/python3.11/site-packages/uvicorn/middleware/proxy_headers.py", line 60, in __call__
    return await self.app(scope, receive, send)
           ^^^^^^^^^^^^^^^^^^^^^^^^^^^^^^^^^^^^
  File "/home/Taremwastudios/TaremwaStudios/gemi-engine-app/venv/lib/python3.11/site-packages/fastapi/applications.py", line 1135, in __call__
    await super().__call__(scope, receive, send)
  File "/home/Taremwastudios/TaremwaStudios/gemi-engine-app/venv/lib/python3.11/site-packages/starlette/applications.py", line 107, in __call__
    await self.middleware_stack(scope, receive, send)
  File "/home/Taremwastudios/TaremwaStudios/gemi-engine-app/venv/lib/python3.11/site-packages/starlette/middleware/errors.py", line 186, in __call__
    raise exc
  File "/home/Taremwastudios/TaremwaStudios/gemi-engine-app/venv/lib/python3.11/site-packages/starlette/middleware/errors.py", line 164, in __call__
    await self.app(scope, receive, _send)
  File "/home/Taremwastudios/TaremwaStudios/gemi-engine-app/venv/lib/python3.11/site-packages/starlette/middleware/cors.py", line 93, in __call__
    await self.simple_response(scope, receive, send, request_headers=headers)
  File "/home/Taremwastudios/TaremwaStudios/gemi-engine-app/venv/lib/python3.11/site-packages/starlette/middleware/cors.py", line 144, in simple_response
    await self.app(scope, receive, send)
  File "/home/Taremwastudios/TaremwaStudios/gemi-engine-app/venv/lib/python3.11/site-packages/starlette/middleware/exceptions.py", line 63, in __call__
    await wrap_app_handling_exceptions(self.app, conn)(scope, receive, send)
  File "/home/Taremwastudios/TaremwaStudios/gemi-engine-app/venv/lib/python3.11/site-packages/starlette/_exception_handler.py", line 53, in wrapped_app
    raise exc
  File "/home/Taremwastudios/TaremwaStudios/gemi-engine-app/venv/lib/python3.11/site-packages/starlette/_exception_handler.py", line 42, in wrapped_app
    await app(scope, receive, sender)
  File "/home/Taremwastudios/TaremwaStudios/gemi-engine-app/venv/lib/python3.11/site-packages/fastapi/middleware/asyncexitstack.py", line 18, in __call__
    await self.app(scope, receive, send)
  File "/home/Taremwastudios/TaremwaStudios/gemi-engine-app/venv/lib/python3.11/site-packages/starlette/routing.py", line 716, in __call__
    await self.middleware_stack(scope, receive, send)
  File "/home/Taremwastudios/TaremwaStudios/gemi-engine-app/venv/lib/python3.11/site-packages/starlette/routing.py", line 736, in app
    await route.handle(scope, receive, send)
  File "/home/Taremwastudios/TaremwaStudios/gemi-engine-app/venv/lib/python3.11/site-packages/starlette/routing.py", line 290, in handle
    await self.app(scope, receive, send)
  File "/home/Taremwastudios/TaremwaStudios/gemi-engine-app/venv/lib/python3.11/site-packages/fastapi/routing.py", line 115, in app
    await wrap_app_handling_exceptions(app, request)(scope, receive, send)
  File "/home/Taremwastudios/TaremwaStudios/gemi-engine-app/venv/lib/python3.11/site-packages/starlette/_exception_handler.py", line 53, in wrapped_app
    raise exc
  File "/home/Taremwastudios/TaremwaStudios/gemi-engine-app/venv/lib/python3.11/site-packages/starlette/_exception_handler.py", line 42, in wrapped_app
    await app(scope, receive, sender)
  File "/home/Taremwastudios/TaremwaStudios/gemi-engine-app/venv/lib/python3.11/site-packages/fastapi/routing.py", line 102, in app
    await response(scope, receive, send)
  File "/home/Taremwastudios/TaremwaStudios/gemi-engine-app/venv/lib/python3.11/site-packages/starlette/responses.py", line 269, in __call__
    with collapse_excgroups():
  File "/usr/lib/python3.11/contextlib.py", line 155, in __exit__
    self.gen.throw(typ, value, traceback)
  File "/home/Taremwastudios/TaremwaStudios/gemi-engine-app/venv/lib/python3.11/site-packages/starlette/_utils.py", line 85, in collapse_excgroups
    raise exc
  File "/home/Taremwastudios/TaremwaStudios/gemi-engine-app/venv/lib/python3.11/site-packages/starlette/responses.py", line 273, in wrap
    await func()
  File "/home/Taremwastudios/TaremwaStudios/gemi-engine-app/venv/lib/python3.11/site-packages/starlette/responses.py", line 253, in stream_response
    async for chunk in self.body_iterator:
  File "/home/Taremwastudios/TaremwaStudios/gemi-engine-app/models/base_model.py", line 40, in sendMessageStream
    async with client.stream("POST", self.api_url, json=payload, headers={"Authorization": f"Bearer {self.api_key}"}) as response:
  File "/usr/lib/python3.11/contextlib.py", line 204, in __aenter__
    return await anext(self.gen)
           ^^^^^^^^^^^^^^^^^^^^^
  File "/home/Taremwastudios/TaremwaStudios/gemi-engine-app/venv/lib/python3.11/site-packages/httpx/_client.py", line 1583, in stream
    response = await self.send(
               ^^^^^^^^^^^^^^^^
  File "/home/Taremwastudios/TaremwaStudios/gemi-engine-app/venv/lib/python3.11/site-packages/httpx/_client.py", line 1629, in send
    response = await self._send_handling_auth(
               ^^^^^^^^^^^^^^^^^^^^^^^^^^^^^^^
  File "/home/Taremwastudios/TaremwaStudios/gemi-engine-app/venv/lib/python3.11/site-packages/httpx/_client.py", line 1657, in _send_handling_auth
    response = await self._send_handling_redirects(
               ^^^^^^^^^^^^^^^^^^^^^^^^^^^^^^^^^^^^
  File "/home/Taremwastudios/TaremwaStudios/gemi-engine-app/venv/lib/python3.11/site-packages/httpx/_client.py", line 1694, in _send_handling_redirects
    response = await self._send_single_request(request)
               ^^^^^^^^^^^^^^^^^^^^^^^^^^^^^^^^^^^^^^^^
  File "/home/Taremwastudios/TaremwaStudios/gemi-engine-app/venv/lib/python3.11/site-packages/httpx/_client.py", line 1730, in _send_single_request
    response = await transport.handle_async_request(request)
               ^^^^^^^^^^^^^^^^^^^^^^^^^^^^^^^^^^^^^^^^^^^^^
  File "/home/Taremwastudios/TaremwaStudios/gemi-engine-app/venv/lib/python3.11/site-packages/httpx/_transports/default.py", line 393, in handle_async_request
    with map_httpcore_exceptions():
  File "/usr/lib/python3.11/contextlib.py", line 155, in __exit__
    self.gen.throw(typ, value, traceback)
  File "/home/Taremwastudios/TaremwaStudios/gemi-engine-app/venv/lib/python3.11/site-packages/httpx/_transports/default.py", line 118, in map_httpcore_exceptions
    raise mapped_exc(message) from exc
httpx.RemoteProtocolError: Server disconnected without sending a response.
INFO:     192.168.1.228:37664 - "GET /sync-project HTTP/1.1" 200 OK
INFO:     192.168.1.228:42888 - "POST /chat HTTP/1.1" 200 OK
/home/Taremwastudios/TaremwaStudios/gemi-engine-app/search_tool.py:8: RuntimeWarning: This package (`duckduckgo_search`) has been renamed to `ddgs`! Use `pip install ddgs` instead.
  with DDGS() as ddgs:
ERROR:    Exception in ASGI application
Traceback (most recent call last):
  File "/home/Taremwastudios/TaremwaStudios/gemi-engine-app/venv/lib/python3.11/site-packages/httpx/_transports/default.py", line 101, in map_httpcore_exceptions
    yield
  File "/home/Taremwastudios/TaremwaStudios/gemi-engine-app/venv/lib/python3.11/site-packages/httpx/_transports/default.py", line 394, in handle_async_request
    resp = await self._pool.handle_async_request(req)
           ^^^^^^^^^^^^^^^^^^^^^^^^^^^^^^^^^^^^^^^^^^
  File "/home/Taremwastudios/TaremwaStudios/gemi-engine-app/venv/lib/python3.11/site-packages/httpcore/_async/connection_pool.py", line 256, in handle_async_request
    raise exc from None
  File "/home/Taremwastudios/TaremwaStudios/gemi-engine-app/venv/lib/python3.11/site-packages/httpcore/_async/connection_pool.py", line 236, in handle_async_request
    response = await connection.handle_async_request(
               ^^^^^^^^^^^^^^^^^^^^^^^^^^^^^^^^^^^^^^
  File "/home/Taremwastudios/TaremwaStudios/gemi-engine-app/venv/lib/python3.11/site-packages/httpcore/_async/connection.py", line 103, in handle_async_request
    return await self._connection.handle_async_request(request)
           ^^^^^^^^^^^^^^^^^^^^^^^^^^^^^^^^^^^^^^^^^^^^^^^^^^^^
  File "/home/Taremwastudios/TaremwaStudios/gemi-engine-app/venv/lib/python3.11/site-packages/httpcore/_async/http11.py", line 136, in handle_async_request
    raise exc
  File "/home/Taremwastudios/TaremwaStudios/gemi-engine-app/venv/lib/python3.11/site-packages/httpcore/_async/http11.py", line 106, in handle_async_request
    ) = await self._receive_response_headers(**kwargs)
        ^^^^^^^^^^^^^^^^^^^^^^^^^^^^^^^^^^^^^^^^^^^^^^
  File "/home/Taremwastudios/TaremwaStudios/gemi-engine-app/venv/lib/python3.11/site-packages/httpcore/_async/http11.py", line 177, in _receive_response_headers
    event = await self._receive_event(timeout=timeout)
            ^^^^^^^^^^^^^^^^^^^^^^^^^^^^^^^^^^^^^^^^^^
  File "/home/Taremwastudios/TaremwaStudios/gemi-engine-app/venv/lib/python3.11/site-packages/httpcore/_async/http11.py", line 231, in _receive_event
    raise RemoteProtocolError(msg)
httpcore.RemoteProtocolError: Server disconnected without sending a response.

The above exception was the direct cause of the following exception:

Traceback (most recent call last):
  File "/home/Taremwastudios/TaremwaStudios/gemi-engine-app/venv/lib/python3.11/site-packages/uvicorn/protocols/http/h11_impl.py", line 410, in run_asgi
    result = await app(  # type: ignore[func-returns-value]
             ^^^^^^^^^^^^^^^^^^^^^^^^^^^^^^^^^^^^^^^^^^^^^^
  File "/home/Taremwastudios/TaremwaStudios/gemi-engine-app/venv/lib/python3.11/site-packages/uvicorn/middleware/proxy_headers.py", line 60, in __call__
    return await self.app(scope, receive, send)
           ^^^^^^^^^^^^^^^^^^^^^^^^^^^^^^^^^^^^
  File "/home/Taremwastudios/TaremwaStudios/gemi-engine-app/venv/lib/python3.11/site-packages/fastapi/applications.py", line 1135, in __call__
    await super().__call__(scope, receive, send)
  File "/home/Taremwastudios/TaremwaStudios/gemi-engine-app/venv/lib/python3.11/site-packages/starlette/applications.py", line 107, in __call__
    await self.middleware_stack(scope, receive, send)
  File "/home/Taremwastudios/TaremwaStudios/gemi-engine-app/venv/lib/python3.11/site-packages/starlette/middleware/errors.py", line 186, in __call__
    raise exc
  File "/home/Taremwastudios/TaremwaStudios/gemi-engine-app/venv/lib/python3.11/site-packages/starlette/middleware/errors.py", line 164, in __call__
    await self.app(scope, receive, _send)
  File "/home/Taremwastudios/TaremwaStudios/gemi-engine-app/venv/lib/python3.11/site-packages/starlette/middleware/cors.py", line 93, in __call__
    await self.simple_response(scope, receive, send, request_headers=headers)
  File "/home/Taremwastudios/TaremwaStudios/gemi-engine-app/venv/lib/python3.11/site-packages/starlette/middleware/cors.py", line 144, in simple_response
    await self.app(scope, receive, send)
  File "/home/Taremwastudios/TaremwaStudios/gemi-engine-app/venv/lib/python3.11/site-packages/starlette/middleware/exceptions.py", line 63, in __call__
    await wrap_app_handling_exceptions(self.app, conn)(scope, receive, send)
  File "/home/Taremwastudios/TaremwaStudios/gemi-engine-app/venv/lib/python3.11/site-packages/starlette/_exception_handler.py", line 53, in wrapped_app
    raise exc
  File "/home/Taremwastudios/TaremwaStudios/gemi-engine-app/venv/lib/python3.11/site-packages/starlette/_exception_handler.py", line 42, in wrapped_app
    await app(scope, receive, sender)
  File "/home/Taremwastudios/TaremwaStudios/gemi-engine-app/venv/lib/python3.11/site-packages/fastapi/middleware/asyncexitstack.py", line 18, in __call__
    await self.app(scope, receive, send)
  File "/home/Taremwastudios/TaremwaStudios/gemi-engine-app/venv/lib/python3.11/site-packages/starlette/routing.py", line 716, in __call__
    await self.middleware_stack(scope, receive, send)
  File "/home/Taremwastudios/TaremwaStudios/gemi-engine-app/venv/lib/python3.11/site-packages/starlette/routing.py", line 736, in app
    await route.handle(scope, receive, send)
  File "/home/Taremwastudios/TaremwaStudios/gemi-engine-app/venv/lib/python3.11/site-packages/starlette/routing.py", line 290, in handle
    await self.app(scope, receive, send)
  File "/home/Taremwastudios/TaremwaStudios/gemi-engine-app/venv/lib/python3.11/site-packages/fastapi/routing.py", line 115, in app
    await wrap_app_handling_exceptions(app, request)(scope, receive, send)
  File "/home/Taremwastudios/TaremwaStudios/gemi-engine-app/venv/lib/python3.11/site-packages/starlette/_exception_handler.py", line 53, in wrapped_app
    raise exc
  File "/home/Taremwastudios/TaremwaStudios/gemi-engine-app/venv/lib/python3.11/site-packages/starlette/_exception_handler.py", line 42, in wrapped_app
    await app(scope, receive, sender)
  File "/home/Taremwastudios/TaremwaStudios/gemi-engine-app/venv/lib/python3.11/site-packages/fastapi/routing.py", line 102, in app
    await response(scope, receive, send)
  File "/home/Taremwastudios/TaremwaStudios/gemi-engine-app/venv/lib/python3.11/site-packages/starlette/responses.py", line 269, in __call__
    with collapse_excgroups():
  File "/usr/lib/python3.11/contextlib.py", line 155, in __exit__
    self.gen.throw(typ, value, traceback)
  File "/home/Taremwastudios/TaremwaStudios/gemi-engine-app/venv/lib/python3.11/site-packages/starlette/_utils.py", line 85, in collapse_excgroups
    raise exc
  File "/home/Taremwastudios/TaremwaStudios/gemi-engine-app/venv/lib/python3.11/site-packages/starlette/responses.py", line 273, in wrap
    await func()
  File "/home/Taremwastudios/TaremwaStudios/gemi-engine-app/venv/lib/python3.11/site-packages/starlette/responses.py", line 253, in stream_response
    async for chunk in self.body_iterator:
  File "/home/Taremwastudios/TaremwaStudios/gemi-engine-app/models/base_model.py", line 40, in sendMessageStream
    async with client.stream("POST", self.api_url, json=payload, headers={"Authorization": f"Bearer {self.api_key}"}) as response:
  File "/usr/lib/python3.11/contextlib.py", line 204, in __aenter__
    return await anext(self.gen)
           ^^^^^^^^^^^^^^^^^^^^^
  File "/home/Taremwastudios/TaremwaStudios/gemi-engine-app/venv/lib/python3.11/site-packages/httpx/_client.py", line 1583, in stream
    response = await self.send(
               ^^^^^^^^^^^^^^^^
  File "/home/Taremwastudios/TaremwaStudios/gemi-engine-app/venv/lib/python3.11/site-packages/httpx/_client.py", line 1629, in send
    response = await self._send_handling_auth(
               ^^^^^^^^^^^^^^^^^^^^^^^^^^^^^^^
  File "/home/Taremwastudios/TaremwaStudios/gemi-engine-app/venv/lib/python3.11/site-packages/httpx/_client.py", line 1657, in _send_handling_auth
    response = await self._send_handling_redirects(
               ^^^^^^^^^^^^^^^^^^^^^^^^^^^^^^^^^^^^
  File "/home/Taremwastudios/TaremwaStudios/gemi-engine-app/venv/lib/python3.11/site-packages/httpx/_client.py", line 1694, in _send_handling_redirects
    response = await self._send_single_request(request)
               ^^^^^^^^^^^^^^^^^^^^^^^^^^^^^^^^^^^^^^^^
  File "/home/Taremwastudios/TaremwaStudios/gemi-engine-app/venv/lib/python3.11/site-packages/httpx/_client.py", line 1730, in _send_single_request
    response = await transport.handle_async_request(request)
               ^^^^^^^^^^^^^^^^^^^^^^^^^^^^^^^^^^^^^^^^^^^^^
  File "/home/Taremwastudios/TaremwaStudios/gemi-engine-app/venv/lib/python3.11/site-packages/httpx/_transports/default.py", line 393, in handle_async_request
    with map_httpcore_exceptions():
  File "/usr/lib/python3.11/contextlib.py", line 155, in __exit__
    self.gen.throw(typ, value, traceback)
  File "/home/Taremwastudios/TaremwaStudios/gemi-engine-app/venv/lib/python3.11/site-packages/httpx/_transports/default.py", line 118, in map_httpcore_exceptions
    raise mapped_exc(message) from exc
httpx.RemoteProtocolError: Server disconnected without sending a response.
INFO:     192.168.1.228:40214 - "POST /chat HTTP/1.1" 200 OK
ERROR:    Exception in ASGI application
Traceback (most recent call last):
  File "/home/Taremwastudios/TaremwaStudios/gemi-engine-app/venv/lib/python3.11/site-packages/httpx/_transports/default.py", line 101, in map_httpcore_exceptions
    yield
  File "/home/Taremwastudios/TaremwaStudios/gemi-engine-app/venv/lib/python3.11/site-packages/httpx/_transports/default.py", line 394, in handle_async_request
    resp = await self._pool.handle_async_request(req)
           ^^^^^^^^^^^^^^^^^^^^^^^^^^^^^^^^^^^^^^^^^^
  File "/home/Taremwastudios/TaremwaStudios/gemi-engine-app/venv/lib/python3.11/site-packages/httpcore/_async/connection_pool.py", line 256, in handle_async_request
    raise exc from None
  File "/home/Taremwastudios/TaremwaStudios/gemi-engine-app/venv/lib/python3.11/site-packages/httpcore/_async/connection_pool.py", line 236, in handle_async_request
    response = await connection.handle_async_request(
               ^^^^^^^^^^^^^^^^^^^^^^^^^^^^^^^^^^^^^^
  File "/home/Taremwastudios/TaremwaStudios/gemi-engine-app/venv/lib/python3.11/site-packages/httpcore/_async/connection.py", line 101, in handle_async_request
    raise exc
  File "/home/Taremwastudios/TaremwaStudios/gemi-engine-app/venv/lib/python3.11/site-packages/httpcore/_async/connection.py", line 78, in handle_async_request
    stream = await self._connect(request)
             ^^^^^^^^^^^^^^^^^^^^^^^^^^^^
  File "/home/Taremwastudios/TaremwaStudios/gemi-engine-app/venv/lib/python3.11/site-packages/httpcore/_async/connection.py", line 124, in _connect
    stream = await self._network_backend.connect_tcp(**kwargs)
             ^^^^^^^^^^^^^^^^^^^^^^^^^^^^^^^^^^^^^^^^^^^^^^^^^
  File "/home/Taremwastudios/TaremwaStudios/gemi-engine-app/venv/lib/python3.11/site-packages/httpcore/_backends/auto.py", line 31, in connect_tcp
    return await self._backend.connect_tcp(
           ^^^^^^^^^^^^^^^^^^^^^^^^^^^^^^^^
  File "/home/Taremwastudios/TaremwaStudios/gemi-engine-app/venv/lib/python3.11/site-packages/httpcore/_backends/anyio.py", line 113, in connect_tcp
    with map_exceptions(exc_map):
  File "/usr/lib/python3.11/contextlib.py", line 155, in __exit__
    self.gen.throw(typ, value, traceback)
  File "/home/Taremwastudios/TaremwaStudios/gemi-engine-app/venv/lib/python3.11/site-packages/httpcore/_exceptions.py", line 14, in map_exceptions
    raise to_exc(exc) from exc
httpcore.ConnectError: [Errno -3] Temporary failure in name resolution

The above exception was the direct cause of the following exception:

Traceback (most recent call last):
  File "/home/Taremwastudios/TaremwaStudios/gemi-engine-app/venv/lib/python3.11/site-packages/uvicorn/protocols/http/h11_impl.py", line 410, in run_asgi
    result = await app(  # type: ignore[func-returns-value]
             ^^^^^^^^^^^^^^^^^^^^^^^^^^^^^^^^^^^^^^^^^^^^^^
  File "/home/Taremwastudios/TaremwaStudios/gemi-engine-app/venv/lib/python3.11/site-packages/uvicorn/middleware/proxy_headers.py", line 60, in __call__
    return await self.app(scope, receive, send)
           ^^^^^^^^^^^^^^^^^^^^^^^^^^^^^^^^^^^^
  File "/home/Taremwastudios/TaremwaStudios/gemi-engine-app/venv/lib/python3.11/site-packages/fastapi/applications.py", line 1135, in __call__
    await super().__call__(scope, receive, send)
  File "/home/Taremwastudios/TaremwaStudios/gemi-engine-app/venv/lib/python3.11/site-packages/starlette/applications.py", line 107, in __call__
    await self.middleware_stack(scope, receive, send)
  File "/home/Taremwastudios/TaremwaStudios/gemi-engine-app/venv/lib/python3.11/site-packages/starlette/middleware/errors.py", line 186, in __call__
    raise exc
  File "/home/Taremwastudios/TaremwaStudios/gemi-engine-app/venv/lib/python3.11/site-packages/starlette/middleware/errors.py", line 164, in __call__
    await self.app(scope, receive, _send)
  File "/home/Taremwastudios/TaremwaStudios/gemi-engine-app/venv/lib/python3.11/site-packages/starlette/middleware/cors.py", line 93, in __call__
    await self.simple_response(scope, receive, send, request_headers=headers)
  File "/home/Taremwastudios/TaremwaStudios/gemi-engine-app/venv/lib/python3.11/site-packages/starlette/middleware/cors.py", line 144, in simple_response
    await self.app(scope, receive, send)
  File "/home/Taremwastudios/TaremwaStudios/gemi-engine-app/venv/lib/python3.11/site-packages/starlette/middleware/exceptions.py", line 63, in __call__
    await wrap_app_handling_exceptions(self.app, conn)(scope, receive, send)
  File "/home/Taremwastudios/TaremwaStudios/gemi-engine-app/venv/lib/python3.11/site-packages/starlette/_exception_handler.py", line 53, in wrapped_app
    raise exc
  File "/home/Taremwastudios/TaremwaStudios/gemi-engine-app/venv/lib/python3.11/site-packages/starlette/_exception_handler.py", line 42, in wrapped_app
    await app(scope, receive, sender)
  File "/home/Taremwastudios/TaremwaStudios/gemi-engine-app/venv/lib/python3.11/site-packages/fastapi/middleware/asyncexitstack.py", line 18, in __call__
    await self.app(scope, receive, send)
  File "/home/Taremwastudios/TaremwaStudios/gemi-engine-app/venv/lib/python3.11/site-packages/starlette/routing.py", line 716, in __call__
    await self.middleware_stack(scope, receive, send)
  File "/home/Taremwastudios/TaremwaStudios/gemi-engine-app/venv/lib/python3.11/site-packages/starlette/routing.py", line 736, in app
    await route.handle(scope, receive, send)
  File "/home/Taremwastudios/TaremwaStudios/gemi-engine-app/venv/lib/python3.11/site-packages/starlette/routing.py", line 290, in handle
    await self.app(scope, receive, send)
  File "/home/Taremwastudios/TaremwaStudios/gemi-engine-app/venv/lib/python3.11/site-packages/fastapi/routing.py", line 115, in app
    await wrap_app_handling_exceptions(app, request)(scope, receive, send)
  File "/home/Taremwastudios/TaremwaStudios/gemi-engine-app/venv/lib/python3.11/site-packages/starlette/_exception_handler.py", line 53, in wrapped_app
    raise exc
  File "/home/Taremwastudios/TaremwaStudios/gemi-engine-app/venv/lib/python3.11/site-packages/starlette/_exception_handler.py", line 42, in wrapped_app
    await app(scope, receive, sender)
  File "/home/Taremwastudios/TaremwaStudios/gemi-engine-app/venv/lib/python3.11/site-packages/fastapi/routing.py", line 102, in app
    await response(scope, receive, send)
  File "/home/Taremwastudios/TaremwaStudios/gemi-engine-app/venv/lib/python3.11/site-packages/starlette/responses.py", line 269, in __call__
    with collapse_excgroups():
  File "/usr/lib/python3.11/contextlib.py", line 155, in __exit__
    self.gen.throw(typ, value, traceback)
  File "/home/Taremwastudios/TaremwaStudios/gemi-engine-app/venv/lib/python3.11/site-packages/starlette/_utils.py", line 85, in collapse_excgroups
    raise exc
  File "/home/Taremwastudios/TaremwaStudios/gemi-engine-app/venv/lib/python3.11/site-packages/starlette/responses.py", line 273, in wrap
    await func()
  File "/home/Taremwastudios/TaremwaStudios/gemi-engine-app/venv/lib/python3.11/site-packages/starlette/responses.py", line 253, in stream_response
    async for chunk in self.body_iterator:
  File "/home/Taremwastudios/TaremwaStudios/gemi-engine-app/models/base_model.py", line 40, in sendMessageStream
    async with client.stream("POST", self.api_url, json=payload, headers={"Authorization": f"Bearer {self.api_key}"}) as response:
  File "/usr/lib/python3.11/contextlib.py", line 204, in __aenter__
    return await anext(self.gen)
           ^^^^^^^^^^^^^^^^^^^^^
  File "/home/Taremwastudios/TaremwaStudios/gemi-engine-app/venv/lib/python3.11/site-packages/httpx/_client.py", line 1583, in stream
    response = await self.send(
               ^^^^^^^^^^^^^^^^
  File "/home/Taremwastudios/TaremwaStudios/gemi-engine-app/venv/lib/python3.11/site-packages/httpx/_client.py", line 1629, in send
    response = await self._send_handling_auth(
               ^^^^^^^^^^^^^^^^^^^^^^^^^^^^^^^
  File "/home/Taremwastudios/TaremwaStudios/gemi-engine-app/venv/lib/python3.11/site-packages/httpx/_client.py", line 1657, in _send_handling_auth
    response = await self._send_handling_redirects(
               ^^^^^^^^^^^^^^^^^^^^^^^^^^^^^^^^^^^^
  File "/home/Taremwastudios/TaremwaStudios/gemi-engine-app/venv/lib/python3.11/site-packages/httpx/_client.py", line 1694, in _send_handling_redirects
    response = await self._send_single_request(request)
               ^^^^^^^^^^^^^^^^^^^^^^^^^^^^^^^^^^^^^^^^
  File "/home/Taremwastudios/TaremwaStudios/gemi-engine-app/venv/lib/python3.11/site-packages/httpx/_client.py", line 1730, in _send_single_request
    response = await transport.handle_async_request(request)
               ^^^^^^^^^^^^^^^^^^^^^^^^^^^^^^^^^^^^^^^^^^^^^
  File "/home/Taremwastudios/TaremwaStudios/gemi-engine-app/venv/lib/python3.11/site-packages/httpx/_transports/default.py", line 393, in handle_async_request
    with map_httpcore_exceptions():
  File "/usr/lib/python3.11/contextlib.py", line 155, in __exit__
    self.gen.throw(typ, value, traceback)
  File "/home/Taremwastudios/TaremwaStudios/gemi-engine-app/venv/lib/python3.11/site-packages/httpx/_transports/default.py", line 118, in map_httpcore_exceptions
    raise mapped_exc(message) from exc
httpx.ConnectError: [Errno -3] Temporary failure in name resolution
INFO:     192.168.1.228:35196 - "OPTIONS /chat HTTP/1.1" 200 OK
INFO:     192.168.1.228:35196 - "POST /chat HTTP/1.1" 200 OK
ERROR:    Exception in ASGI application
Traceback (most recent call last):
  File "/home/Taremwastudios/TaremwaStudios/gemi-engine-app/venv/lib/python3.11/site-packages/httpx/_transports/default.py", line 101, in map_httpcore_exceptions
    yield
  File "/home/Taremwastudios/TaremwaStudios/gemi-engine-app/venv/lib/python3.11/site-packages/httpx/_transports/default.py", line 394, in handle_async_request
    resp = await self._pool.handle_async_request(req)
           ^^^^^^^^^^^^^^^^^^^^^^^^^^^^^^^^^^^^^^^^^^
  File "/home/Taremwastudios/TaremwaStudios/gemi-engine-app/venv/lib/python3.11/site-packages/httpcore/_async/connection_pool.py", line 256, in handle_async_request
    raise exc from None
  File "/home/Taremwastudios/TaremwaStudios/gemi-engine-app/venv/lib/python3.11/site-packages/httpcore/_async/connection_pool.py", line 236, in handle_async_request
    response = await connection.handle_async_request(
               ^^^^^^^^^^^^^^^^^^^^^^^^^^^^^^^^^^^^^^
  File "/home/Taremwastudios/TaremwaStudios/gemi-engine-app/venv/lib/python3.11/site-packages/httpcore/_async/connection.py", line 101, in handle_async_request
    raise exc
  File "/home/Taremwastudios/TaremwaStudios/gemi-engine-app/venv/lib/python3.11/site-packages/httpcore/_async/connection.py", line 78, in handle_async_request
    stream = await self._connect(request)
             ^^^^^^^^^^^^^^^^^^^^^^^^^^^^
  File "/home/Taremwastudios/TaremwaStudios/gemi-engine-app/venv/lib/python3.11/site-packages/httpcore/_async/connection.py", line 124, in _connect
    stream = await self._network_backend.connect_tcp(**kwargs)
             ^^^^^^^^^^^^^^^^^^^^^^^^^^^^^^^^^^^^^^^^^^^^^^^^^
  File "/home/Taremwastudios/TaremwaStudios/gemi-engine-app/venv/lib/python3.11/site-packages/httpcore/_backends/auto.py", line 31, in connect_tcp
    return await self._backend.connect_tcp(
           ^^^^^^^^^^^^^^^^^^^^^^^^^^^^^^^^
  File "/home/Taremwastudios/TaremwaStudios/gemi-engine-app/venv/lib/python3.11/site-packages/httpcore/_backends/anyio.py", line 113, in connect_tcp
    with map_exceptions(exc_map):
  File "/usr/lib/python3.11/contextlib.py", line 155, in __exit__
    self.gen.throw(typ, value, traceback)
  File "/home/Taremwastudios/TaremwaStudios/gemi-engine-app/venv/lib/python3.11/site-packages/httpcore/_exceptions.py", line 14, in map_exceptions
    raise to_exc(exc) from exc
httpcore.ConnectError: [Errno -3] Temporary failure in name resolution

The above exception was the direct cause of the following exception:

Traceback (most recent call last):
  File "/home/Taremwastudios/TaremwaStudios/gemi-engine-app/venv/lib/python3.11/site-packages/uvicorn/protocols/http/h11_impl.py", line 410, in run_asgi
    result = await app(  # type: ignore[func-returns-value]
             ^^^^^^^^^^^^^^^^^^^^^^^^^^^^^^^^^^^^^^^^^^^^^^
  File "/home/Taremwastudios/TaremwaStudios/gemi-engine-app/venv/lib/python3.11/site-packages/uvicorn/middleware/proxy_headers.py", line 60, in __call__
    return await self.app(scope, receive, send)
           ^^^^^^^^^^^^^^^^^^^^^^^^^^^^^^^^^^^^
  File "/home/Taremwastudios/TaremwaStudios/gemi-engine-app/venv/lib/python3.11/site-packages/fastapi/applications.py", line 1135, in __call__
    await super().__call__(scope, receive, send)
  File "/home/Taremwastudios/TaremwaStudios/gemi-engine-app/venv/lib/python3.11/site-packages/starlette/applications.py", line 107, in __call__
    await self.middleware_stack(scope, receive, send)
  File "/home/Taremwastudios/TaremwaStudios/gemi-engine-app/venv/lib/python3.11/site-packages/starlette/middleware/errors.py", line 186, in __call__
    raise exc
  File "/home/Taremwastudios/TaremwaStudios/gemi-engine-app/venv/lib/python3.11/site-packages/starlette/middleware/errors.py", line 164, in __call__
    await self.app(scope, receive, _send)
  File "/home/Taremwastudios/TaremwaStudios/gemi-engine-app/venv/lib/python3.11/site-packages/starlette/middleware/cors.py", line 93, in __call__
    await self.simple_response(scope, receive, send, request_headers=headers)
  File "/home/Taremwastudios/TaremwaStudios/gemi-engine-app/venv/lib/python3.11/site-packages/starlette/middleware/cors.py", line 144, in simple_response
    await self.app(scope, receive, send)
  File "/home/Taremwastudios/TaremwaStudios/gemi-engine-app/venv/lib/python3.11/site-packages/starlette/middleware/exceptions.py", line 63, in __call__
    await wrap_app_handling_exceptions(self.app, conn)(scope, receive, send)
  File "/home/Taremwastudios/TaremwaStudios/gemi-engine-app/venv/lib/python3.11/site-packages/starlette/_exception_handler.py", line 53, in wrapped_app
    raise exc
  File "/home/Taremwastudios/TaremwaStudios/gemi-engine-app/venv/lib/python3.11/site-packages/starlette/_exception_handler.py", line 42, in wrapped_app
    await app(scope, receive, sender)
  File "/home/Taremwastudios/TaremwaStudios/gemi-engine-app/venv/lib/python3.11/site-packages/fastapi/middleware/asyncexitstack.py", line 18, in __call__
    await self.app(scope, receive, send)
  File "/home/Taremwastudios/TaremwaStudios/gemi-engine-app/venv/lib/python3.11/site-packages/starlette/routing.py", line 716, in __call__
    await self.middleware_stack(scope, receive, send)
  File "/home/Taremwastudios/TaremwaStudios/gemi-engine-app/venv/lib/python3.11/site-packages/starlette/routing.py", line 736, in app
    await route.handle(scope, receive, send)
  File "/home/Taremwastudios/TaremwaStudios/gemi-engine-app/venv/lib/python3.11/site-packages/starlette/routing.py", line 290, in handle
    await self.app(scope, receive, send)
  File "/home/Taremwastudios/TaremwaStudios/gemi-engine-app/venv/lib/python3.11/site-packages/fastapi/routing.py", line 115, in app
    await wrap_app_handling_exceptions(app, request)(scope, receive, send)
  File "/home/Taremwastudios/TaremwaStudios/gemi-engine-app/venv/lib/python3.11/site-packages/starlette/_exception_handler.py", line 53, in wrapped_app
    raise exc
  File "/home/Taremwastudios/TaremwaStudios/gemi-engine-app/venv/lib/python3.11/site-packages/starlette/_exception_handler.py", line 42, in wrapped_app
    await app(scope, receive, sender)
  File "/home/Taremwastudios/TaremwaStudios/gemi-engine-app/venv/lib/python3.11/site-packages/fastapi/routing.py", line 102, in app
    await response(scope, receive, send)
  File "/home/Taremwastudios/TaremwaStudios/gemi-engine-app/venv/lib/python3.11/site-packages/starlette/responses.py", line 269, in __call__
    with collapse_excgroups():
  File "/usr/lib/python3.11/contextlib.py", line 155, in __exit__
    self.gen.throw(typ, value, traceback)
  File "/home/Taremwastudios/TaremwaStudios/gemi-engine-app/venv/lib/python3.11/site-packages/starlette/_utils.py", line 85, in collapse_excgroups
    raise exc
  File "/home/Taremwastudios/TaremwaStudios/gemi-engine-app/venv/lib/python3.11/site-packages/starlette/responses.py", line 273, in wrap
    await func()
  File "/home/Taremwastudios/TaremwaStudios/gemi-engine-app/venv/lib/python3.11/site-packages/starlette/responses.py", line 253, in stream_response
    async for chunk in self.body_iterator:
  File "/home/Taremwastudios/TaremwaStudios/gemi-engine-app/models/base_model.py", line 40, in sendMessageStream
    async with client.stream("POST", self.api_url, json=payload, headers={"Authorization": f"Bearer {self.api_key}"}) as response:
  File "/usr/lib/python3.11/contextlib.py", line 204, in __aenter__
    return await anext(self.gen)
           ^^^^^^^^^^^^^^^^^^^^^
  File "/home/Taremwastudios/TaremwaStudios/gemi-engine-app/venv/lib/python3.11/site-packages/httpx/_client.py", line 1583, in stream
    response = await self.send(
               ^^^^^^^^^^^^^^^^
  File "/home/Taremwastudios/TaremwaStudios/gemi-engine-app/venv/lib/python3.11/site-packages/httpx/_client.py", line 1629, in send
    response = await self._send_handling_auth(
               ^^^^^^^^^^^^^^^^^^^^^^^^^^^^^^^
  File "/home/Taremwastudios/TaremwaStudios/gemi-engine-app/venv/lib/python3.11/site-packages/httpx/_client.py", line 1657, in _send_handling_auth
    response = await self._send_handling_redirects(
               ^^^^^^^^^^^^^^^^^^^^^^^^^^^^^^^^^^^^
  File "/home/Taremwastudios/TaremwaStudios/gemi-engine-app/venv/lib/python3.11/site-packages/httpx/_client.py", line 1694, in _send_handling_redirects
    response = await self._send_single_request(request)
               ^^^^^^^^^^^^^^^^^^^^^^^^^^^^^^^^^^^^^^^^
  File "/home/Taremwastudios/TaremwaStudios/gemi-engine-app/venv/lib/python3.11/site-packages/httpx/_client.py", line 1730, in _send_single_request
    response = await transport.handle_async_request(request)
               ^^^^^^^^^^^^^^^^^^^^^^^^^^^^^^^^^^^^^^^^^^^^^
  File "/home/Taremwastudios/TaremwaStudios/gemi-engine-app/venv/lib/python3.11/site-packages/httpx/_transports/default.py", line 393, in handle_async_request
    with map_httpcore_exceptions():
  File "/usr/lib/python3.11/contextlib.py", line 155, in __exit__
    self.gen.throw(typ, value, traceback)
  File "/home/Taremwastudios/TaremwaStudios/gemi-engine-app/venv/lib/python3.11/site-packages/httpx/_transports/default.py", line 118, in map_httpcore_exceptions
    raise mapped_exc(message) from exc
httpx.ConnectError: [Errno -3] Temporary failure in name resolution
INFO:     192.168.1.228:39666 - "OPTIONS /chat HTTP/1.1" 200 OK
INFO:     192.168.1.228:39666 - "POST /chat HTTP/1.1" 200 OK
INFO:     192.168.1.228:49178 - "POST /chat HTTP/1.1" 200 OK
INFO:     192.168.1.228:44096 - "POST /chat HTTP/1.1" 200 OK
INFO:     192.168.1.228:42534 - "OPTIONS /chat HTTP/1.1" 200 OK
INFO:     192.168.1.228:42534 - "POST /chat HTTP/1.1" 200 OK
INFO:     192.168.1.228:42304 - "OPTIONS /chat HTTP/1.1" 200 OK
INFO:     192.168.1.228:42304 - "POST /chat HTTP/1.1" 200 OK
INFO:     192.168.1.228:56568 - "POST /chat HTTP/1.1" 200 OK
INFO:     192.168.1.228:49086 - "OPTIONS /chat HTTP/1.1" 200 OK
INFO:     192.168.1.228:49086 - "POST /chat HTTP/1.1" 200 OK
INFO:     192.168.1.228:42934 - "OPTIONS /chat HTTP/1.1" 200 OK
INFO:     192.168.1.228:42934 - "POST /chat HTTP/1.1" 200 OK
INFO:     192.168.1.228:57856 - "POST /chat HTTP/1.1" 200 OK
INFO:     192.168.1.228:46598 - "POST /chat HTTP/1.1" 200 OK
INFO:     Shutting down
INFO:     Waiting for application shutdown.
INFO:     Application shutdown complete.
INFO:     Finished server process [13925]
