Godot Engine v4.2.1.stable.official.b09f793f5 - https://godotengine.org
 
WARNING: Custom cursor shape not supported by this display server.
     at: cursor_set_custom_image (servers/display_server.cpp:505)
ERROR: Class 'EditorSettings' can only be instantiated by editor.
   at: instantiate (core/object/class_db.cpp:364)
ERROR: Could not load editor settings from path: /home/Taremwastudios/.config/godot/editor_settings-4.tres
   at: create (editor/editor_settings.cpp:932)
WARNING: Blend file import is enabled in the project settings, but no Blender path is configured in the editor settings. Blend files will not be imported.
     at: _editor_init (modules/gltf/register_types.cpp:63)
ERROR: Cannot save editor settings to file 'res://.godot/editor/project_metadata.cfg'.
   at: set_project_metadata (editor/editor_settings.cpp:1181)
ERROR: Cannot save editor settings to file 'res://.godot/editor/project_metadata.cfg'.
   at: set_project_metadata (editor/editor_settings.cpp:1181)
ERROR: Cannot save editor settings to file 'res://.godot/editor/project_metadata.cfg'.
   at: set_project_metadata (editor/editor_settings.cpp:1181)
ERROR: Cannot create file 'res://.godot/editor/filesystem_cache8'. Check user write permissions.
   at: _save_filesystem_cache (editor/editor_file_system.cpp:349)
SCRIPT ERROR: Parse Error: Unexpected ".." in class body.
          at: GDScript::reload (res://Test/Bullet.gd:1)
ERROR: Failed to load script "res://Test/Bullet.gd" with error "Parse error".
   at: load (modules/gdscript/gdscript.cpp:2788)
SCRIPT ERROR: Parse Error: Unexpected ".." in class body.
          at: GDScript::reload (res://Test/Enemy.gd:1)
ERROR: Failed to load script "res://Test/Enemy.gd" with error "Parse error".
   at: load (modules/gdscript/gdscript.cpp:2788)
SCRIPT ERROR: Parse Error: Unexpected ".." in class body.
          at: GDScript::reload (res://Test/Game.gd:1)
ERROR: Failed to load script "res://Test/Game.gd" with error "Parse error".
   at: load (modules/gdscript/gdscript.cpp:2788)
SCRIPT ERROR: Parse Error: Unexpected ".." in class body.
          at: GDScript::reload (res://Test/Player.gd:1)
ERROR: Failed to load script "res://Test/Player.gd" with error "Parse error".
   at: load (modules/gdscript/gdscript.cpp:2788)
ERROR: This project doesn't have an `export_presets.cfg` file at its root.
Create an export preset from the "Project > Export" dialog and try again.
   at: _fs_changed (editor/editor_node.cpp:994)
